[2026-06-18 19:26:04.604] INFO     BotClient 'ncatbot/app/client.py:123' ➜ 从配置创建适配器: type=napcat, platform=qq
[2026-06-18 19:26:04.605] INFO     BotClient 'ncatbot/app/client.py:353' ➜ 正在启动 Adapter: napcat (platform=qq)
[2026-06-18 19:26:07.510] WARNING  NapCatLauncher 'ncatbot/adapter/napcat/setup/launcher.py:102' ➜ 测试 WebSocket 连接失败: did not receive a valid HTTP response
[2026-06-18 19:26:16.175] ERROR    NcatBotError 'ncatbot/utils/error.py:15' ➜ 安装或更新 NapCat 失败
[2026-06-18 19:26:48.953] INFO     BotClient 'ncatbot/app/client.py:123' ➜ 从配置创建适配器: type=napcat, platform=qq
[2026-06-18 19:26:48.954] INFO     BotClient 'ncatbot/app/client.py:353' ➜ 正在启动 Adapter: napcat (platform=qq)
[2026-06-18 19:26:51.054] WARNING  NapCatLauncher 'ncatbot/adapter/napcat/setup/launcher.py:102' ➜ 测试 WebSocket 连接失败: did not receive a valid HTTP response
[2026-06-18 19:32:52.610] ERROR    NcatBotError 'ncatbot/utils/error.py:15' ➜ 安装或更新 NapCat 失败
[2026-06-18 19:32:55.054] INFO     BotClient 'ncatbot/app/client.py:123' ➜ 从配置创建适配器: type=napcat, platform=qq
[2026-06-18 19:32:55.054] INFO     BotClient 'ncatbot/app/client.py:353' ➜ 正在启动 Adapter: napcat (platform=qq)
[2026-06-18 19:32:55.146] INFO     NapCatLauncher 'ncatbot/adapter/napcat/setup/launcher.py:195' ➜ 账号验证通过 (QQ 1639950290)
[2026-06-18 19:32:55.174] INFO     NapCatWebSocket 'ncatbot/adapter/napcat/connection/websocket.py:47' ➜ WebSocket 已连接
[2026-06-18 19:32:55.174] INFO     BotAPIClient 'ncatbot/api/client.py:45' ➜ 注册平台 API: misc
[2026-06-18 19:32:55.175] INFO     BotAPIClient 'ncatbot/api/client.py:45' ➜ 注册平台 API: qq
[2026-06-18 19:32:55.175] INFO     BotClient 'ncatbot/app/client.py:388' ➜ BotAPIClient 已就绪（平台: ['misc', 'qq']）
[2026-06-18 19:32:55.175] INFO     BotClient 'ncatbot/app/client.py:320' ➜ 已启动 1 个适配器的事件监听
[2026-06-18 19:32:55.175] INFO     RBAC 'ncatbot/service/builtin/rbac/service.py:86' ➜ RBAC 服务已加载
[2026-06-18 19:32:55.175] INFO     FileWatcher 'ncatbot/service/builtin/file_watcher/service.py:136' ➜ 已自动监听全局配置文件: /home/cmach_socket/projects/wol/config.yaml
[2026-06-18 19:32:55.176] INFO     TimeTaskService 'ncatbot/service/builtin/schedule/service.py:71' ➜ 定时任务服务已启动
[2026-06-18 19:32:55.176] INFO     DispatchFilter 'ncatbot/service/builtin/dispatch_filter/service.py:55' ➜ 分发过滤服务已加载，共 0 条规则
[2026-06-18 19:32:55.183] INFO     SystemManager 'ncatbot/plugin/builtin/system_manager/main.py:60' ➜ 系统管理插件已加载
[2026-06-18 19:32:55.183] INFO     PluginLoader 'ncatbot/plugin/loader/core.py:381' ➜ 内置插件加载成功: _system_manager v1.0.0
[2026-06-18 19:32:55.184] WARNING  PluginIndexer 'ncatbot/plugin/loader/indexer.py:53' ➜ 解析清单失败 [jm]: Invalid value (at line 7, column 21)
[2026-06-18 19:32:55.185] INFO     cmach_socket_plugin 'plugin.py:11' ➜ cmach_socket_plugin 已加载
[2026-06-18 19:32:55.185] INFO     PluginLoader 'ncatbot/plugin/loader/core.py:199' ➜ 插件加载成功: cmach_socket_plugin v0.1.0
[2026-06-18 19:32:55.185] INFO     PluginLoader 'ncatbot/plugin/loader/core.py:107' ➜ 已加载 1/1 个插件
[2026-06-18 19:32:55.185] INFO     PluginLoader 'ncatbot/plugin/loader/core.py:308' ➜ 热重载已启动
[2026-06-18 19:32:55.185] INFO     BotClient 'ncatbot/app/client.py:297' ➜ Bot 已就绪（1 个适配器）
[2026-06-18 19:33:03.169] INFO     BotClient 'ncatbot/app/client.py:302' ➜ Bot 被取消
[2026-06-18 19:33:03.170] INFO     BotClient 'ncatbot/app/client.py:240' ➜ 正在关闭…
[2026-06-18 19:33:03.177] INFO     NapCatWebSocket 'ncatbot/adapter/napcat/connection/websocket.py:55' ➜ WebSocket 连接已关闭
[2026-06-18 19:33:03.177] INFO     PluginLoader 'ncatbot/plugin/loader/core.py:319' ➜ 热重载已停止
[2026-06-18 19:33:03.177] INFO     cmach_socket_plugin 'plugin.py:14' ➜ cmach_socket_plugin 已卸载
[2026-06-18 19:33:03.177] INFO     HandlerDispatcher 'ncatbot/core/registry/dispatcher.py:188' ➜ revoke_plugin(cmach_socket_plugin): 移除 2 个 handler
[2026-06-18 19:33:03.178] INFO     ModuleImporter 'ncatbot/plugin/loader/importer.py:139' ➜ 已卸载模块 cmach_socket_plugin (共 2 个)
[2026-06-18 19:33:03.178] INFO     PluginLoader 'ncatbot/plugin/loader/core.py:232' ➜ 插件已卸载: cmach_socket_plugin
[2026-06-18 19:33:03.178] INFO     SystemManager 'ncatbot/plugin/builtin/system_manager/main.py:70' ➜ 系统管理插件已关闭
[2026-06-18 19:33:03.178] INFO     HandlerDispatcher 'ncatbot/core/registry/dispatcher.py:188' ➜ revoke_plugin(_system_manager): 移除 9 个 handler
[2026-06-18 19:33:03.178] INFO     PluginLoader 'ncatbot/plugin/loader/core.py:232' ➜ 插件已卸载: _system_manager
[2026-06-18 19:33:03.179] INFO     RBAC 'ncatbot/service/builtin/rbac/service.py:91' ➜ RBAC 服务已关闭
[2026-06-18 19:33:03.179] INFO     TimeTaskService 'ncatbot/service/builtin/schedule/service.py:83' ➜ 定时任务服务已停止
[2026-06-18 19:33:03.179] INFO     DispatchFilter 'ncatbot/service/builtin/dispatch_filter/service.py:63' ➜ 分发过滤服务已关闭
[2026-06-18 19:33:03.179] INFO     BotClient 'ncatbot/app/client.py:290' ➜ 已关闭
[2026-06-18 19:33:22.784] INFO     BotClient 'ncatbot/app/client.py:123' ➜ 从配置创建适配器: type=napcat, platform=qq
[2026-06-18 19:33:22.784] INFO     BotClient 'ncatbot/app/client.py:353' ➜ 正在启动 Adapter: napcat (platform=qq)
[2026-06-18 19:33:22.840] INFO     NapCatLauncher 'ncatbot/adapter/napcat/setup/launcher.py:195' ➜ 账号验证通过 (QQ 1639950290)
[2026-06-18 19:33:22.861] INFO     NapCatWebSocket 'ncatbot/adapter/napcat/connection/websocket.py:47' ➜ WebSocket 已连接
[2026-06-18 19:33:22.862] INFO     BotAPIClient 'ncatbot/api/client.py:45' ➜ 注册平台 API: misc
[2026-06-18 19:33:22.862] INFO     BotAPIClient 'ncatbot/api/client.py:45' ➜ 注册平台 API: qq
[2026-06-18 19:33:22.862] INFO     BotClient 'ncatbot/app/client.py:388' ➜ BotAPIClient 已就绪（平台: ['misc', 'qq']）
[2026-06-18 19:33:22.863] INFO     BotClient 'ncatbot/app/client.py:320' ➜ 已启动 1 个适配器的事件监听
[2026-06-18 19:33:22.863] INFO     RBAC 'ncatbot/service/builtin/rbac/service.py:81' ➜ RBAC 数据已从 data/rbac.json 加载
[2026-06-18 19:33:22.863] INFO     RBAC 'ncatbot/service/builtin/rbac/service.py:86' ➜ RBAC 服务已加载
[2026-06-18 19:33:22.863] INFO     FileWatcher 'ncatbot/service/builtin/file_watcher/service.py:136' ➜ 已自动监听全局配置文件: /home/cmach_socket/projects/wol/config.yaml
[2026-06-18 19:33:22.864] INFO     TimeTaskService 'ncatbot/service/builtin/schedule/service.py:71' ➜ 定时任务服务已启动
[2026-06-18 19:33:22.864] INFO     DispatchFilter 'ncatbot/service/builtin/dispatch_filter/service.py:55' ➜ 分发过滤服务已加载，共 0 条规则
[2026-06-18 19:33:22.866] INFO     SystemManager 'ncatbot/plugin/builtin/system_manager/main.py:60' ➜ 系统管理插件已加载
[2026-06-18 19:33:22.866] INFO     PluginLoader 'ncatbot/plugin/loader/core.py:381' ➜ 内置插件加载成功: _system_manager v1.0.0
[2026-06-18 19:33:22.926] INFO     cmach.qzz.io.jm.plugin 'jm.py:46' ➜ cmach.qzz.io.jm.plugin 已加载
[2026-06-18 19:33:22.927] INFO     PluginLoader 'ncatbot/plugin/loader/core.py:199' ➜ 插件加载成功: cmach.qzz.io.jm.plugin v0.1.0
[2026-06-18 19:33:22.928] INFO     cmach_socket_plugin 'plugin.py:11' ➜ cmach_socket_plugin 已加载
[2026-06-18 19:33:22.928] INFO     PluginLoader 'ncatbot/plugin/loader/core.py:199' ➜ 插件加载成功: cmach_socket_plugin v0.1.0
[2026-06-18 19:33:22.928] INFO     PluginLoader 'ncatbot/plugin/loader/core.py:107' ➜ 已加载 2/2 个插件
[2026-06-18 19:33:22.928] INFO     PluginLoader 'ncatbot/plugin/loader/core.py:308' ➜ 热重载已启动
[2026-06-18 19:33:22.928] INFO     BotClient 'ncatbot/app/client.py:297' ➜ Bot 已就绪（1 个适配器）
[2026-06-18 19:33:35.948] INFO     NapCatAdapter 'ncatbot/adapter/napcat/connection/protocol.py:79' ➜ [群消息] 未来由QT书写(1093424135) Solaris(3077906125): 好了孩子们
[2026-06-18 19:33:42.377] INFO     NapCatAdapter 'ncatbot/adapter/napcat/connection/protocol.py:79' ➜ [群消息] 未来由QT书写(1093424135) Solaris(3077906125): 快来调试吧
[2026-06-18 19:33:43.870] INFO     NapCatAdapter 'ncatbot/adapter/napcat/connection/protocol.py:79' ➜ [群消息] 未来由QT书写(1093424135) Solaris(3077906125): hello
[2026-06-18 19:33:44.332] INFO     NapCatAdapter 'ncatbot/adapter/napcat/connection/protocol.py:79' ➜ [群消息] 未来由QT书写(1093424135) 8班小助手(1639950290): [CQ:reply,id=1349504770][CQ:at,qq=3077906125] hi
[2026-06-18 19:33:44.680] INFO     NapCatAdapter 'ncatbot/adapter/napcat/connection/protocol.py:79' ➜ [群消息] 未来由QT书写(1093424135) 8班小助手(1639950290): [CQ:reply,id=1349504770][CQ:at,qq=3077906125] hi
[2026-06-18 19:34:01.228] INFO     NapCatAdapter 'ncatbot/adapter/napcat/connection/protocol.py:79' ➜ [群消息] 未来由QT书写(1093424135) LQT(2753705854): 还有回响形态
[2026-06-18 19:34:01.505] INFO     NapCatAdapter 'ncatbot/adapter/napcat/connection/protocol.py:79' ➜ [群消息] 未来由QT书写(1093424135) Solaris(3077906125): 等等
[2026-06-18 19:34:10.322] INFO     NapCatAdapter 'ncatbot/adapter/napcat/connection/protocol.py:79' ➜ [群消息] 未来由QT书写(1093424135) Solaris(3077906125): 我加载多了一个插件
[2026-06-18 19:34:18.984] INFO     NapCatAdapter 'ncatbot/adapter/napcat/connection/protocol.py:79' ➜ [群消息] 未来由QT书写(1093424135) Solaris(3077906125): [CQ:reply,id=432265342][CQ:at,qq=2753705854] 其实是风怒了
[2026-06-18 19:34:20.357] INFO     BotClient 'ncatbot/app/client.py:302' ➜ Bot 被取消
[2026-06-18 19:34:20.358] INFO     BotClient 'ncatbot/app/client.py:240' ➜ 正在关闭…
[2026-06-18 19:34:20.364] INFO     NapCatWebSocket 'ncatbot/adapter/napcat/connection/websocket.py:55' ➜ WebSocket 连接已关闭
[2026-06-18 19:34:20.364] INFO     PluginLoader 'ncatbot/plugin/loader/core.py:319' ➜ 热重载已停止
[2026-06-18 19:34:20.364] INFO     cmach.qzz.io.jm.plugin 'jm.py:49' ➜ cmach.qzz.io.jm.plugin 已卸载
[2026-06-18 19:34:20.365] INFO     HandlerDispatcher 'ncatbot/core/registry/dispatcher.py:188' ➜ revoke_plugin(cmach.qzz.io.jm.plugin): 移除 3 个 handler
[2026-06-18 19:34:20.365] INFO     ModuleImporter 'ncatbot/plugin/loader/importer.py:139' ➜ 已卸载模块 cmach.qzz.io.jm.plugin (共 2 个)
[2026-06-18 19:34:20.365] INFO     PluginLoader 'ncatbot/plugin/loader/core.py:232' ➜ 插件已卸载: cmach.qzz.io.jm.plugin
[2026-06-18 19:34:20.366] INFO     cmach_socket_plugin 'plugin.py:14' ➜ cmach_socket_plugin 已卸载
[2026-06-18 19:34:20.366] INFO     HandlerDispatcher 'ncatbot/core/registry/dispatcher.py:188' ➜ revoke_plugin(cmach_socket_plugin): 移除 2 个 handler
[2026-06-18 19:34:20.366] INFO     ModuleImporter 'ncatbot/plugin/loader/importer.py:139' ➜ 已卸载模块 cmach_socket_plugin (共 2 个)
[2026-06-18 19:34:20.366] INFO     PluginLoader 'ncatbot/plugin/loader/core.py:232' ➜ 插件已卸载: cmach_socket_plugin
[2026-06-18 19:34:20.366] INFO     SystemManager 'ncatbot/plugin/builtin/system_manager/main.py:70' ➜ 系统管理插件已关闭
[2026-06-18 19:34:20.367] INFO     HandlerDispatcher 'ncatbot/core/registry/dispatcher.py:188' ➜ revoke_plugin(_system_manager): 移除 9 个 handler
[2026-06-18 19:34:20.367] INFO     PluginLoader 'ncatbot/plugin/loader/core.py:232' ➜ 插件已卸载: _system_manager
[2026-06-18 19:34:20.367] INFO     RBAC 'ncatbot/service/builtin/rbac/service.py:91' ➜ RBAC 服务已关闭
[2026-06-18 19:34:20.367] INFO     TimeTaskService 'ncatbot/service/builtin/schedule/service.py:83' ➜ 定时任务服务已停止
[2026-06-18 19:34:20.367] INFO     DispatchFilter 'ncatbot/service/builtin/dispatch_filter/service.py:63' ➜ 分发过滤服务已关闭
[2026-06-18 19:34:20.368] INFO     BotClient 'ncatbot/app/client.py:290' ➜ 已关闭
[2026-06-18 19:34:35.384] INFO     BotClient 'ncatbot/app/client.py:123' ➜ 从配置创建适配器: type=napcat, platform=qq
[2026-06-18 19:34:35.384] INFO     BotClient 'ncatbot/app/client.py:353' ➜ 正在启动 Adapter: napcat (platform=qq)
[2026-06-18 19:34:35.456] INFO     NapCatLauncher 'ncatbot/adapter/napcat/setup/launcher.py:195' ➜ 账号验证通过 (QQ 1639950290)
[2026-06-18 19:34:35.465] INFO     NapCatWebSocket 'ncatbot/adapter/napcat/connection/websocket.py:47' ➜ WebSocket 已连接
[2026-06-18 19:34:35.465] INFO     BotAPIClient 'ncatbot/api/client.py:45' ➜ 注册平台 API: misc
[2026-06-18 19:34:35.466] INFO     BotAPIClient 'ncatbot/api/client.py:45' ➜ 注册平台 API: qq
[2026-06-18 19:34:35.466] INFO     BotClient 'ncatbot/app/client.py:388' ➜ BotAPIClient 已就绪（平台: ['misc', 'qq']）
[2026-06-18 19:34:35.466] INFO     BotClient 'ncatbot/app/client.py:320' ➜ 已启动 1 个适配器的事件监听
[2026-06-18 19:34:35.467] INFO     RBAC 'ncatbot/service/builtin/rbac/service.py:81' ➜ RBAC 数据已从 data/rbac.json 加载
[2026-06-18 19:34:35.467] INFO     RBAC 'ncatbot/service/builtin/rbac/service.py:86' ➜ RBAC 服务已加载
[2026-06-18 19:34:35.467] INFO     FileWatcher 'ncatbot/service/builtin/file_watcher/service.py:136' ➜ 已自动监听全局配置文件: /home/cmach_socket/projects/wol/config.yaml
[2026-06-18 19:34:35.468] INFO     TimeTaskService 'ncatbot/service/builtin/schedule/service.py:71' ➜ 定时任务服务已启动
[2026-06-18 19:34:35.468] INFO     DispatchFilter 'ncatbot/service/builtin/dispatch_filter/service.py:55' ➜ 分发过滤服务已加载，共 0 条规则
[2026-06-18 19:34:35.473] INFO     SystemManager 'ncatbot/plugin/builtin/system_manager/main.py:60' ➜ 系统管理插件已加载
[2026-06-18 19:34:35.473] INFO     PluginLoader 'ncatbot/plugin/loader/core.py:381' ➜ 内置插件加载成功: _system_manager v1.0.0
[2026-06-18 19:34:35.512] INFO     cmach.qzz.io.jm.plugin 'jm.py:46' ➜ cmach.qzz.io.jm.plugin 已加载
[2026-06-18 19:34:35.513] INFO     PluginLoader 'ncatbot/plugin/loader/core.py:199' ➜ 插件加载成功: cmach.qzz.io.jm.plugin v0.1.0
[2026-06-18 19:34:35.513] INFO     PluginLoader 'ncatbot/plugin/loader/core.py:107' ➜ 已加载 1/1 个插件
[2026-06-18 19:34:35.513] INFO     PluginLoader 'ncatbot/plugin/loader/core.py:308' ➜ 热重载已启动
[2026-06-18 19:34:35.513] INFO     BotClient 'ncatbot/app/client.py:297' ➜ Bot 已就绪（1 个适配器）
[2026-06-18 19:34:39.231] INFO     NapCatAdapter 'ncatbot/adapter/napcat/connection/protocol.py:79' ➜ [群消息] 未来由QT书写(1093424135) Solaris(3077906125): hello
[2026-06-18 19:34:39.916] INFO     NapCatAdapter 'ncatbot/adapter/napcat/connection/protocol.py:79' ➜ [群消息] 未来由QT书写(1093424135) 8班小助手(1639950290): [CQ:reply,id=1872820919][CQ:at,qq=3077906125] hi
[2026-06-18 19:34:46.835] INFO     NapCatAdapter 'ncatbot/adapter/napcat/connection/protocol.py:79' ➜ [群消息] 未来由QT书写(1093424135) Solaris(3077906125): /jm 350234
[2026-06-18 19:34:47.177] INFO     jmcomic 'jmcomic/jm_config.py:37' ➜ 获取到最新的API域名: ['www.cdnhjk.net', 'www.cdngwc.cc', 'www.cdngwc.net', 'www.cdngwc.club', 'www.cdnutc.me']
[2026-06-18 19:34:47.178] INFO     jmcomic 'jmcomic/jm_config.py:37' ➜ https://www.cdnhjk.net/setting
[2026-06-18 19:34:47.603] INFO     jmcomic 'jmcomic/jm_config.py:37' ➜ https://www.cdnhjk.net/album?id=350234
[2026-06-18 19:34:47.916] INFO     jmcomic 'jmcomic/jm_config.py:37' ➜ 本子获取成功: [350234], 作者: [N/A], 章节数: [2], 总页数: [0], 标题: [董卓 上+下], 关键词: ['YAOI', '中文', '詐騙', '騙子全家出演', '騙子死全家', '前面標簽都是騙人，很治愈的本子']
[2026-06-18 19:34:47.916] INFO     jmcomic 'jmcomic/jm_config.py:37' ➜ https://www.cdnhjk.net/chapter?id=350234
[2026-06-18 19:34:47.917] INFO     jmcomic 'jmcomic/jm_config.py:37' ➜ https://www.cdnhjk.net/chapter?id=350235
[2026-06-18 19:34:48.214] INFO     jmcomic 'jmcomic/jm_config.py:37' ➜ https://www.cdnhjk.net/chapter_view_template?id=350235&mode=vertical&page=0&app_img_shunt=1&express=off&v=1781782488
[2026-06-18 19:34:48.228] INFO     jmcomic 'jmcomic/jm_config.py:37' ➜ https://www.cdnhjk.net/chapter_view_template?id=350234&mode=vertical&page=0&app_img_shunt=1&express=off&v=1781782488
[2026-06-18 19:34:48.531] INFO     jmcomic 'jmcomic/jm_config.py:37' ➜ 开始下载章节: 350234 (350234[1/2]), 标题: [董卓 上+下], 图片数为[25]
[2026-06-18 19:34:48.532] INFO     jmcomic 'jmcomic/jm_config.py:37' ➜ 图片准备下载: 350234/00001.webp [1/25], [https://cdn-msp2.jmapiproxy2.cc/media/photos/350234/00001.webp] → [/home/cmach_socket/projects/wol/董卓 上+下/00001.webp]
[2026-06-18 19:34:48.533] INFO     jmcomic 'jmcomic/jm_config.py:37' ➜ 图片准备下载: 350234/00002.webp [2/25], [https://cdn-msp2.jmapiproxy2.cc/media/photos/350234/00002.webp] → [/home/cmach_socket/projects/wol/董卓 上+下/00002.webp]
[2026-06-18 19:34:48.533] INFO     jmcomic 'jmcomic/jm_config.py:37' ➜ 图片准备下载: 350234/00003.webp [3/25], [https://cdn-msp2.jmapiproxy2.cc/media/photos/350234/00003.webp] → [/home/cmach_socket/projects/wol/董卓 上+下/00003.webp]
[2026-06-18 19:34:48.533] INFO     jmcomic 'jmcomic/jm_config.py:37' ➜ 图片准备下载: 350234/00004.webp [4/25], [https://cdn-msp2.jmapiproxy2.cc/media/photos/350234/00004.webp] → [/home/cmach_socket/projects/wol/董卓 上+下/00004.webp]
[2026-06-18 19:34:48.533] INFO     jmcomic 'jmcomic/jm_config.py:37' ➜ 图片准备下载: 350234/00005.webp [5/25], [https://cdn-msp2.jmapiproxy2.cc/media/photos/350234/00005.webp] → [/home/cmach_socket/projects/wol/董卓 上+下/00005.webp]
[2026-06-18 19:34:48.534] INFO     jmcomic 'jmcomic/jm_config.py:37' ➜ 图片准备下载: 350234/00006.webp [6/25], [https://cdn-msp2.jmapiproxy2.cc/media/photos/350234/00006.webp] → [/home/cmach_socket/projects/wol/董卓 上+下/00006.webp]
[2026-06-18 19:34:48.534] INFO     jmcomic 'jmcomic/jm_config.py:37' ➜ 图片准备下载: 350234/00007.webp [7/25], [https://cdn-msp2.jmapiproxy2.cc/media/photos/350234/00007.webp] → [/home/cmach_socket/projects/wol/董卓 上+下/00007.webp]
[2026-06-18 19:34:48.534] INFO     jmcomic 'jmcomic/jm_config.py:37' ➜ 图片准备下载: 350234/00008.webp [8/25], [https://cdn-msp2.jmapiproxy2.cc/media/photos/350234/00008.webp] → [/home/cmach_socket/projects/wol/董卓 上+下/00008.webp]
[2026-06-18 19:34:48.534] INFO     jmcomic 'jmcomic/jm_config.py:37' ➜ 图片准备下载: 350234/00009.webp [9/25], [https://cdn-msp2.jmapiproxy2.cc/media/photos/350234/00009.webp] → [/home/cmach_socket/projects/wol/董卓 上+下/00009.webp]
[2026-06-18 19:34:48.534] INFO     jmcomic 'jmcomic/jm_config.py:37' ➜ 图片准备下载: 350234/00011.webp [11/25], [https://cdn-msp2.jmapiproxy2.cc/media/photos/350234/00011.webp] → [/home/cmach_socket/projects/wol/董卓 上+下/00011.webp]
[2026-06-18 19:34:48.534] INFO     jmcomic 'jmcomic/jm_config.py:37' ➜ 图片准备下载: 350234/00012.webp [12/25], [https://cdn-msp2.jmapiproxy2.cc/media/photos/350234/00012.webp] → [/home/cmach_socket/projects/wol/董卓 上+下/00012.webp]
[2026-06-18 19:34:48.534] INFO     jmcomic 'jmcomic/jm_config.py:37' ➜ 图片准备下载: 350234/00010.webp [10/25], [https://cdn-msp2.jmapiproxy2.cc/media/photos/350234/00010.webp] → [/home/cmach_socket/projects/wol/董卓 上+下/00010.webp]
[2026-06-18 19:34:48.535] INFO     jmcomic 'jmcomic/jm_config.py:37' ➜ 图片准备下载: 350234/00016.webp [16/25], [https://cdn-msp2.jmapiproxy2.cc/media/photos/350234/00016.webp] → [/home/cmach_socket/projects/wol/董卓 上+下/00016.webp]
[2026-06-18 19:34:48.534] INFO     jmcomic 'jmcomic/jm_config.py:37' ➜ 图片准备下载: 350234/00014.webp [14/25], [https://cdn-msp2.jmapiproxy2.cc/media/photos/350234/00014.webp] → [/home/cmach_socket/projects/wol/董卓 上+下/00014.webp]
[2026-06-18 19:34:48.535] INFO     jmcomic 'jmcomic/jm_config.py:37' ➜ 图片准备下载: 350234/00015.webp [15/25], [https://cdn-msp2.jmapiproxy2.cc/media/photos/350234/00015.webp] → [/home/cmach_socket/projects/wol/董卓 上+下/00015.webp]
[2026-06-18 19:34:48.536] INFO     jmcomic 'jmcomic/jm_config.py:37' ➜ 图片准备下载: 350234/00021.webp [21/25], [https://cdn-msp2.jmapiproxy2.cc/media/photos/350234/00021.webp] → [/home/cmach_socket/projects/wol/董卓 上+下/00021.webp]
[2026-06-18 19:34:48.536] INFO     jmcomic 'jmcomic/jm_config.py:37' ➜ 图片准备下载: 350234/00019.webp [19/25], [https://cdn-msp2.jmapiproxy2.cc/media/photos/350234/00019.webp] → [/home/cmach_socket/projects/wol/董卓 上+下/00019.webp]
[2026-06-18 19:34:48.534] INFO     jmcomic 'jmcomic/jm_config.py:37' ➜ 图片准备下载: 350234/00013.webp [13/25], [https://cdn-msp2.jmapiproxy2.cc/media/photos/350234/00013.webp] → [/home/cmach_socket/projects/wol/董卓 上+下/00013.webp]
[2026-06-18 19:34:48.535] INFO     jmcomic 'jmcomic/jm_config.py:37' ➜ 图片准备下载: 350234/00017.webp [17/25], [https://cdn-msp2.jmapiproxy2.cc/media/photos/350234/00017.webp] → [/home/cmach_socket/projects/wol/董卓 上+下/00017.webp]
[2026-06-18 19:34:48.536] INFO     jmcomic 'jmcomic/jm_config.py:37' ➜ 图片准备下载: 350234/00020.webp [20/25], [https://cdn-msp2.jmapiproxy2.cc/media/photos/350234/00020.webp] → [/home/cmach_socket/projects/wol/董卓 上+下/00020.webp]
[2026-06-18 19:34:48.535] INFO     jmcomic 'jmcomic/jm_config.py:37' ➜ 图片准备下载: 350234/00018.webp [18/25], [https://cdn-msp2.jmapiproxy2.cc/media/photos/350234/00018.webp] → [/home/cmach_socket/projects/wol/董卓 上+下/00018.webp]
[2026-06-18 19:34:48.537] INFO     jmcomic 'jmcomic/jm_config.py:37' ➜ 图片准备下载: 350234/00023.webp [23/25], [https://cdn-msp2.jmapiproxy2.cc/media/photos/350234/00023.webp] → [/home/cmach_socket/projects/wol/董卓 上+下/00023.webp]
[2026-06-18 19:34:48.536] INFO     jmcomic 'jmcomic/jm_config.py:37' ➜ 图片准备下载: 350234/00022.webp [22/25], [https://cdn-msp2.jmapiproxy2.cc/media/photos/350234/00022.webp] → [/home/cmach_socket/projects/wol/董卓 上+下/00022.webp]
[2026-06-18 19:34:48.537] INFO     jmcomic 'jmcomic/jm_config.py:37' ➜ 图片准备下载: 350234/00024.webp [24/25], [https://cdn-msp2.jmapiproxy2.cc/media/photos/350234/00024.webp] → [/home/cmach_socket/projects/wol/董卓 上+下/00024.webp]
[2026-06-18 19:34:48.537] INFO     jmcomic 'jmcomic/jm_config.py:37' ➜ 图片准备下载: 350234/00025.webp [25/25], [https://cdn-msp2.jmapiproxy2.cc/media/photos/350234/00025.webp] → [/home/cmach_socket/projects/wol/董卓 上+下/00025.webp]
[2026-06-18 19:34:48.551] INFO     jmcomic 'jmcomic/jm_config.py:37' ➜ 开始下载章节: 350235 (350234[2/2]), 标题: [董卓 下], 图片数为[25]
[2026-06-18 19:34:48.644] INFO     jmcomic 'jmcomic/jm_config.py:37' ➜ 图片准备下载: 350235/00001.webp [1/25], [https://cdn-msp3.jmapiproxy2.cc/media/photos/350235/00001.webp] → [/home/cmach_socket/projects/wol/董卓 下/00001.webp]
[2026-06-18 19:34:48.645] INFO     jmcomic 'jmcomic/jm_config.py:37' ➜ 图片准备下载: 350235/00002.webp [2/25], [https://cdn-msp3.jmapiproxy2.cc/media/photos/350235/00002.webp] → [/home/cmach_socket/projects/wol/董卓 下/00002.webp]
[2026-06-18 19:34:48.645] INFO     jmcomic 'jmcomic/jm_config.py:37' ➜ 图片准备下载: 350235/00004.webp [4/25], [https://cdn-msp3.jmapiproxy2.cc/media/photos/350235/00004.webp] → [/home/cmach_socket/projects/wol/董卓 下/00004.webp]
[2026-06-18 19:34:48.645] INFO     jmcomic 'jmcomic/jm_config.py:37' ➜ 图片准备下载: 350235/00006.webp [6/25], [https://cdn-msp3.jmapiproxy2.cc/media/photos/350235/00006.webp] → [/home/cmach_socket/projects/wol/董卓 下/00006.webp]
[2026-06-18 19:34:48.646] INFO     jmcomic 'jmcomic/jm_config.py:37' ➜ 图片准备下载: 350235/00008.webp [8/25], [https://cdn-msp3.jmapiproxy2.cc/media/photos/350235/00008.webp] → [/home/cmach_socket/projects/wol/董卓 下/00008.webp]
[2026-06-18 19:34:48.646] INFO     jmcomic 'jmcomic/jm_config.py:37' ➜ 图片准备下载: 350235/00005.webp [5/25], [https://cdn-msp3.jmapiproxy2.cc/media/photos/350235/00005.webp] → [/home/cmach_socket/projects/wol/董卓 下/00005.webp]
[2026-06-18 19:34:48.645] INFO     jmcomic 'jmcomic/jm_config.py:37' ➜ 图片准备下载: 350235/00003.webp [3/25], [https://cdn-msp3.jmapiproxy2.cc/media/photos/350235/00003.webp] → [/home/cmach_socket/projects/wol/董卓 下/00003.webp]
[2026-06-18 19:34:48.647] INFO     jmcomic 'jmcomic/jm_config.py:37' ➜ 图片准备下载: 350235/00010.webp [10/25], [https://cdn-msp3.jmapiproxy2.cc/media/photos/350235/00010.webp] → [/home/cmach_socket/projects/wol/董卓 下/00010.webp]
[2026-06-18 19:34:48.647] INFO     jmcomic 'jmcomic/jm_config.py:37' ➜ 图片准备下载: 350235/00011.webp [11/25], [https://cdn-msp3.jmapiproxy2.cc/media/photos/350235/00011.webp] → [/home/cmach_socket/projects/wol/董卓 下/00011.webp]
[2026-06-18 19:34:48.646] INFO     jmcomic 'jmcomic/jm_config.py:37' ➜ 图片准备下载: 350235/00007.webp [7/25], [https://cdn-msp3.jmapiproxy2.cc/media/photos/350235/00007.webp] → [/home/cmach_socket/projects/wol/董卓 下/00007.webp]
[2026-06-18 19:34:48.646] INFO     jmcomic 'jmcomic/jm_config.py:37' ➜ 图片准备下载: 350235/00009.webp [9/25], [https://cdn-msp3.jmapiproxy2.cc/media/photos/350235/00009.webp] → [/home/cmach_socket/projects/wol/董卓 下/00009.webp]
[2026-06-18 19:34:48.647] INFO     jmcomic 'jmcomic/jm_config.py:37' ➜ 图片准备下载: 350235/00012.webp [12/25], [https://cdn-msp3.jmapiproxy2.cc/media/photos/350235/00012.webp] → [/home/cmach_socket/projects/wol/董卓 下/00012.webp]
[2026-06-18 19:34:48.648] INFO     jmcomic 'jmcomic/jm_config.py:37' ➜ 图片准备下载: 350235/00013.webp [13/25], [https://cdn-msp3.jmapiproxy2.cc/media/photos/350235/00013.webp] → [/home/cmach_socket/projects/wol/董卓 下/00013.webp]
[2026-06-18 19:34:48.648] INFO     jmcomic 'jmcomic/jm_config.py:37' ➜ 图片准备下载: 350235/00015.webp [15/25], [https://cdn-msp3.jmapiproxy2.cc/media/photos/350235/00015.webp] → [/home/cmach_socket/projects/wol/董卓 下/00015.webp]
[2026-06-18 19:34:48.649] INFO     jmcomic 'jmcomic/jm_config.py:37' ➜ 图片准备下载: 350235/00019.webp [19/25], [https://cdn-msp3.jmapiproxy2.cc/media/photos/350235/00019.webp] → [/home/cmach_socket/projects/wol/董卓 下/00019.webp]
[2026-06-18 19:34:48.648] INFO     jmcomic 'jmcomic/jm_config.py:37' ➜ 图片准备下载: 350235/00014.webp [14/25], [https://cdn-msp3.jmapiproxy2.cc/media/photos/350235/00014.webp] → [/home/cmach_socket/projects/wol/董卓 下/00014.webp]
[2026-06-18 19:34:48.648] INFO     jmcomic 'jmcomic/jm_config.py:37' ➜ 图片准备下载: 350235/00016.webp [16/25], [https://cdn-msp3.jmapiproxy2.cc/media/photos/350235/00016.webp] → [/home/cmach_socket/projects/wol/董卓 下/00016.webp]
[2026-06-18 19:34:48.649] INFO     jmcomic 'jmcomic/jm_config.py:37' ➜ 图片准备下载: 350235/00020.webp [20/25], [https://cdn-msp3.jmapiproxy2.cc/media/photos/350235/00020.webp] → [/home/cmach_socket/projects/wol/董卓 下/00020.webp]
[2026-06-18 19:34:48.649] INFO     jmcomic 'jmcomic/jm_config.py:37' ➜ 图片准备下载: 350235/00021.webp [21/25], [https://cdn-msp3.jmapiproxy2.cc/media/photos/350235/00021.webp] → [/home/cmach_socket/projects/wol/董卓 下/00021.webp]
[2026-06-18 19:34:48.649] INFO     jmcomic 'jmcomic/jm_config.py:37' ➜ 图片准备下载: 350235/00018.webp [18/25], [https://cdn-msp3.jmapiproxy2.cc/media/photos/350235/00018.webp] → [/home/cmach_socket/projects/wol/董卓 下/00018.webp]
[2026-06-18 19:34:48.650] INFO     jmcomic 'jmcomic/jm_config.py:37' ➜ 图片准备下载: 350235/00023.webp [23/25], [https://cdn-msp3.jmapiproxy2.cc/media/photos/350235/00023.webp] → [/home/cmach_socket/projects/wol/董卓 下/00023.webp]
[2026-06-18 19:34:48.649] INFO     jmcomic 'jmcomic/jm_config.py:37' ➜ 图片准备下载: 350235/00017.webp [17/25], [https://cdn-msp3.jmapiproxy2.cc/media/photos/350235/00017.webp] → [/home/cmach_socket/projects/wol/董卓 下/00017.webp]
[2026-06-18 19:34:48.650] INFO     jmcomic 'jmcomic/jm_config.py:37' ➜ 图片准备下载: 350235/00022.webp [22/25], [https://cdn-msp3.jmapiproxy2.cc/media/photos/350235/00022.webp] → [/home/cmach_socket/projects/wol/董卓 下/00022.webp]
[2026-06-18 19:34:48.651] INFO     jmcomic 'jmcomic/jm_config.py:37' ➜ 图片准备下载: 350235/00024.webp [24/25], [https://cdn-msp3.jmapiproxy2.cc/media/photos/350235/00024.webp] → [/home/cmach_socket/projects/wol/董卓 下/00024.webp]
[2026-06-18 19:34:48.651] INFO     jmcomic 'jmcomic/jm_config.py:37' ➜ 图片准备下载: 350235/00025.webp [25/25], [https://cdn-msp3.jmapiproxy2.cc/media/photos/350235/00025.webp] → [/home/cmach_socket/projects/wol/董卓 下/00025.webp]
[2026-06-18 19:34:48.999] INFO     jmcomic 'jmcomic/jm_config.py:37' ➜ 图片下载完成: 350234/00005.webp [5/25], [https://cdn-msp2.jmapiproxy2.cc/media/photos/350234/00005.webp] → [/home/cmach_socket/projects/wol/董卓 上+下/00005.webp]
[2026-06-18 19:34:49.011] INFO     jmcomic 'jmcomic/jm_config.py:37' ➜ 图片下载完成: 350234/00012.webp [12/25], [https://cdn-msp2.jmapiproxy2.cc/media/photos/350234/00012.webp] → [/home/cmach_socket/projects/wol/董卓 上+下/00012.webp]
[2026-06-18 19:34:49.085] INFO     jmcomic 'jmcomic/jm_config.py:37' ➜ 图片下载完成: 350234/00010.webp [10/25], [https://cdn-msp2.jmapiproxy2.cc/media/photos/350234/00010.webp] → [/home/cmach_socket/projects/wol/董卓 上+下/00010.webp]
[2026-06-18 19:34:49.108] INFO     jmcomic 'jmcomic/jm_config.py:37' ➜ 图片下载完成: 350234/00006.webp [6/25], [https://cdn-msp2.jmapiproxy2.cc/media/photos/350234/00006.webp] → [/home/cmach_socket/projects/wol/董卓 上+下/00006.webp]
[2026-06-18 19:34:49.160] INFO     jmcomic 'jmcomic/jm_config.py:37' ➜ 图片下载完成: 350234/00001.webp [1/25], [https://cdn-msp2.jmapiproxy2.cc/media/photos/350234/00001.webp] → [/home/cmach_socket/projects/wol/董卓 上+下/00001.webp]
[2026-06-18 19:34:49.165] INFO     jmcomic 'jmcomic/jm_config.py:37' ➜ 图片下载完成: 350234/00019.webp [19/25], [https://cdn-msp2.jmapiproxy2.cc/media/photos/350234/00019.webp] → [/home/cmach_socket/projects/wol/董卓 上+下/00019.webp]
[2026-06-18 19:34:49.201] INFO     jmcomic 'jmcomic/jm_config.py:37' ➜ 图片下载完成: 350234/00021.webp [21/25], [https://cdn-msp2.jmapiproxy2.cc/media/photos/350234/00021.webp] → [/home/cmach_socket/projects/wol/董卓 上+下/00021.webp]
[2026-06-18 19:34:49.234] INFO     jmcomic 'jmcomic/jm_config.py:37' ➜ 图片下载完成: 350234/00014.webp [14/25], [https://cdn-msp2.jmapiproxy2.cc/media/photos/350234/00014.webp] → [/home/cmach_socket/projects/wol/董卓 上+下/00014.webp]
[2026-06-18 19:34:49.242] INFO     jmcomic 'jmcomic/jm_config.py:37' ➜ 图片下载完成: 350234/00004.webp [4/25], [https://cdn-msp2.jmapiproxy2.cc/media/photos/350234/00004.webp] → [/home/cmach_socket/projects/wol/董卓 上+下/00004.webp]
[2026-06-18 19:34:49.275] INFO     jmcomic 'jmcomic/jm_config.py:37' ➜ 图片下载完成: 350234/00009.webp [9/25], [https://cdn-msp2.jmapiproxy2.cc/media/photos/350234/00009.webp] → [/home/cmach_socket/projects/wol/董卓 上+下/00009.webp]
[2026-06-18 19:34:49.285] INFO     jmcomic 'jmcomic/jm_config.py:37' ➜ 图片下载完成: 350234/00007.webp [7/25], [https://cdn-msp2.jmapiproxy2.cc/media/photos/350234/00007.webp] → [/home/cmach_socket/projects/wol/董卓 上+下/00007.webp]
[2026-06-18 19:34:49.321] INFO     jmcomic 'jmcomic/jm_config.py:37' ➜ 图片下载完成: 350234/00002.webp [2/25], [https://cdn-msp2.jmapiproxy2.cc/media/photos/350234/00002.webp] → [/home/cmach_socket/projects/wol/董卓 上+下/00002.webp]
[2026-06-18 19:34:49.339] INFO     jmcomic 'jmcomic/jm_config.py:37' ➜ 图片下载完成: 350234/00011.webp [11/25], [https://cdn-msp2.jmapiproxy2.cc/media/photos/350234/00011.webp] → [/home/cmach_socket/projects/wol/董卓 上+下/00011.webp]
[2026-06-18 19:34:49.344] INFO     jmcomic 'jmcomic/jm_config.py:37' ➜ 图片下载完成: 350234/00003.webp [3/25], [https://cdn-msp2.jmapiproxy2.cc/media/photos/350234/00003.webp] → [/home/cmach_socket/projects/wol/董卓 上+下/00003.webp]
[2026-06-18 19:34:49.363] INFO     jmcomic 'jmcomic/jm_config.py:37' ➜ 图片下载完成: 350234/00013.webp [13/25], [https://cdn-msp2.jmapiproxy2.cc/media/photos/350234/00013.webp] → [/home/cmach_socket/projects/wol/董卓 上+下/00013.webp]
[2026-06-18 19:34:49.387] INFO     jmcomic 'jmcomic/jm_config.py:37' ➜ 图片下载完成: 350234/00024.webp [24/25], [https://cdn-msp2.jmapiproxy2.cc/media/photos/350234/00024.webp] → [/home/cmach_socket/projects/wol/董卓 上+下/00024.webp]
[2026-06-18 19:34:49.387] INFO     jmcomic 'jmcomic/jm_config.py:37' ➜ 图片下载完成: 350234/00016.webp [16/25], [https://cdn-msp2.jmapiproxy2.cc/media/photos/350234/00016.webp] → [/home/cmach_socket/projects/wol/董卓 上+下/00016.webp]
[2026-06-18 19:34:49.424] INFO     jmcomic 'jmcomic/jm_config.py:37' ➜ 图片下载完成: 350234/00020.webp [20/25], [https://cdn-msp2.jmapiproxy2.cc/media/photos/350234/00020.webp] → [/home/cmach_socket/projects/wol/董卓 上+下/00020.webp]
[2026-06-18 19:34:49.464] INFO     jmcomic 'jmcomic/jm_config.py:37' ➜ 图片下载完成: 350234/00015.webp [15/25], [https://cdn-msp2.jmapiproxy2.cc/media/photos/350234/00015.webp] → [/home/cmach_socket/projects/wol/董卓 上+下/00015.webp]
[2026-06-18 19:34:49.465] INFO     jmcomic 'jmcomic/jm_config.py:37' ➜ 图片下载完成: 350234/00017.webp [17/25], [https://cdn-msp2.jmapiproxy2.cc/media/photos/350234/00017.webp] → [/home/cmach_socket/projects/wol/董卓 上+下/00017.webp]
[2026-06-18 19:34:49.465] INFO     jmcomic 'jmcomic/jm_config.py:37' ➜ 图片下载完成: 350234/00018.webp [18/25], [https://cdn-msp2.jmapiproxy2.cc/media/photos/350234/00018.webp] → [/home/cmach_socket/projects/wol/董卓 上+下/00018.webp]
[2026-06-18 19:34:49.469] INFO     jmcomic 'jmcomic/jm_config.py:37' ➜ 图片下载完成: 350234/00022.webp [22/25], [https://cdn-msp2.jmapiproxy2.cc/media/photos/350234/00022.webp] → [/home/cmach_socket/projects/wol/董卓 上+下/00022.webp]
[2026-06-18 19:34:49.509] INFO     jmcomic 'jmcomic/jm_config.py:37' ➜ 图片下载完成: 350235/00002.webp [2/25], [https://cdn-msp3.jmapiproxy2.cc/media/photos/350235/00002.webp] → [/home/cmach_socket/projects/wol/董卓 下/00002.webp]
[2026-06-18 19:34:49.591] INFO     jmcomic 'jmcomic/jm_config.py:37' ➜ 图片下载完成: 350234/00025.webp [25/25], [https://cdn-msp2.jmapiproxy2.cc/media/photos/350234/00025.webp] → [/home/cmach_socket/projects/wol/董卓 上+下/00025.webp]
[2026-06-18 19:34:49.591] INFO     jmcomic 'jmcomic/jm_config.py:37' ➜ 图片下载完成: 350234/00023.webp [23/25], [https://cdn-msp2.jmapiproxy2.cc/media/photos/350234/00023.webp] → [/home/cmach_socket/projects/wol/董卓 上+下/00023.webp]
[2026-06-18 19:34:49.591] INFO     jmcomic 'jmcomic/jm_config.py:37' ➜ 图片下载完成: 350235/00001.webp [1/25], [https://cdn-msp3.jmapiproxy2.cc/media/photos/350235/00001.webp] → [/home/cmach_socket/projects/wol/董卓 下/00001.webp]
[2026-06-18 19:34:49.628] INFO     jmcomic 'jmcomic/jm_config.py:37' ➜ 图片下载完成: 350234/00008.webp [8/25], [https://cdn-msp2.jmapiproxy2.cc/media/photos/350234/00008.webp] → [/home/cmach_socket/projects/wol/董卓 上+下/00008.webp]
[2026-06-18 19:34:49.628] INFO     jmcomic 'jmcomic/jm_config.py:37' ➜ 图片下载完成: 350235/00004.webp [4/25], [https://cdn-msp3.jmapiproxy2.cc/media/photos/350235/00004.webp] → [/home/cmach_socket/projects/wol/董卓 下/00004.webp]
[2026-06-18 19:34:49.629] INFO     jmcomic 'jmcomic/jm_config.py:37' ➜ 图片下载完成: 350235/00008.webp [8/25], [https://cdn-msp3.jmapiproxy2.cc/media/photos/350235/00008.webp] → [/home/cmach_socket/projects/wol/董卓 下/00008.webp]
[2026-06-18 19:34:49.705] INFO     jmcomic 'jmcomic/jm_config.py:37' ➜ 图片下载完成: 350235/00005.webp [5/25], [https://cdn-msp3.jmapiproxy2.cc/media/photos/350235/00005.webp] → [/home/cmach_socket/projects/wol/董卓 下/00005.webp]
[2026-06-18 19:34:49.727] INFO     jmcomic 'jmcomic/jm_config.py:37' ➜ 图片下载完成: 350235/00010.webp [10/25], [https://cdn-msp3.jmapiproxy2.cc/media/photos/350235/00010.webp] → [/home/cmach_socket/projects/wol/董卓 下/00010.webp]
[2026-06-18 19:34:49.727] INFO     jmcomic 'jmcomic/jm_config.py:37' ➜ 图片下载完成: 350235/00003.webp [3/25], [https://cdn-msp3.jmapiproxy2.cc/media/photos/350235/00003.webp] → [/home/cmach_socket/projects/wol/董卓 下/00003.webp]
[2026-06-18 19:34:49.728] INFO     jmcomic 'jmcomic/jm_config.py:37' ➜ 图片下载完成: 350235/00009.webp [9/25], [https://cdn-msp3.jmapiproxy2.cc/media/photos/350235/00009.webp] → [/home/cmach_socket/projects/wol/董卓 下/00009.webp]
[2026-06-18 19:34:49.727] INFO     jmcomic 'jmcomic/jm_config.py:37' ➜ 图片下载完成: 350235/00011.webp [11/25], [https://cdn-msp3.jmapiproxy2.cc/media/photos/350235/00011.webp] → [/home/cmach_socket/projects/wol/董卓 下/00011.webp]
[2026-06-18 19:34:49.727] INFO     jmcomic 'jmcomic/jm_config.py:37' ➜ 图片下载完成: 350235/00007.webp [7/25], [https://cdn-msp3.jmapiproxy2.cc/media/photos/350235/00007.webp] → [/home/cmach_socket/projects/wol/董卓 下/00007.webp]
[2026-06-18 19:34:49.729] INFO     jmcomic 'jmcomic/jm_config.py:37' ➜ 图片下载完成: 350235/00006.webp [6/25], [https://cdn-msp3.jmapiproxy2.cc/media/photos/350235/00006.webp] → [/home/cmach_socket/projects/wol/董卓 下/00006.webp]
[2026-06-18 19:34:49.734] INFO     jmcomic 'jmcomic/jm_config.py:37' ➜ 图片下载完成: 350235/00012.webp [12/25], [https://cdn-msp3.jmapiproxy2.cc/media/photos/350235/00012.webp] → [/home/cmach_socket/projects/wol/董卓 下/00012.webp]
[2026-06-18 19:34:49.752] INFO     jmcomic 'jmcomic/jm_config.py:37' ➜ 章节下载完成: [350234] (350234[1/2])
[2026-06-18 19:34:49.779] INFO     jmcomic 'jmcomic/jm_config.py:37' ➜ 图片下载完成: 350235/00016.webp [16/25], [https://cdn-msp3.jmapiproxy2.cc/media/photos/350235/00016.webp] → [/home/cmach_socket/projects/wol/董卓 下/00016.webp]
[2026-06-18 19:34:49.779] INFO     jmcomic 'jmcomic/jm_config.py:37' ➜ 图片下载完成: 350235/00015.webp [15/25], [https://cdn-msp3.jmapiproxy2.cc/media/photos/350235/00015.webp] → [/home/cmach_socket/projects/wol/董卓 下/00015.webp]
[2026-06-18 19:34:49.779] INFO     jmcomic 'jmcomic/jm_config.py:37' ➜ 图片下载完成: 350235/00013.webp [13/25], [https://cdn-msp3.jmapiproxy2.cc/media/photos/350235/00013.webp] → [/home/cmach_socket/projects/wol/董卓 下/00013.webp]
[2026-06-18 19:34:49.783] INFO     jmcomic 'jmcomic/jm_config.py:37' ➜ 图片下载完成: 350235/00019.webp [19/25], [https://cdn-msp3.jmapiproxy2.cc/media/photos/350235/00019.webp] → [/home/cmach_socket/projects/wol/董卓 下/00019.webp]
[2026-06-18 19:34:49.789] INFO     jmcomic 'jmcomic/jm_config.py:37' ➜ 图片下载完成: 350235/00020.webp [20/25], [https://cdn-msp3.jmapiproxy2.cc/media/photos/350235/00020.webp] → [/home/cmach_socket/projects/wol/董卓 下/00020.webp]
[2026-06-18 19:34:49.790] INFO     jmcomic 'jmcomic/jm_config.py:37' ➜ 图片下载完成: 350235/00014.webp [14/25], [https://cdn-msp3.jmapiproxy2.cc/media/photos/350235/00014.webp] → [/home/cmach_socket/projects/wol/董卓 下/00014.webp]
[2026-06-18 19:34:49.796] INFO     jmcomic 'jmcomic/jm_config.py:37' ➜ 图片下载完成: 350235/00017.webp [17/25], [https://cdn-msp3.jmapiproxy2.cc/media/photos/350235/00017.webp] → [/home/cmach_socket/projects/wol/董卓 下/00017.webp]
[2026-06-18 19:34:49.804] INFO     jmcomic 'jmcomic/jm_config.py:37' ➜ 图片下载完成: 350235/00021.webp [21/25], [https://cdn-msp3.jmapiproxy2.cc/media/photos/350235/00021.webp] → [/home/cmach_socket/projects/wol/董卓 下/00021.webp]
[2026-06-18 19:34:49.829] INFO     jmcomic 'jmcomic/jm_config.py:37' ➜ 图片下载完成: 350235/00018.webp [18/25], [https://cdn-msp3.jmapiproxy2.cc/media/photos/350235/00018.webp] → [/home/cmach_socket/projects/wol/董卓 下/00018.webp]
[2026-06-18 19:34:49.870] INFO     jmcomic 'jmcomic/jm_config.py:37' ➜ 图片下载完成: 350235/00022.webp [22/25], [https://cdn-msp3.jmapiproxy2.cc/media/photos/350235/00022.webp] → [/home/cmach_socket/projects/wol/董卓 下/00022.webp]
[2026-06-18 19:34:49.878] INFO     jmcomic 'jmcomic/jm_config.py:37' ➜ 图片下载完成: 350235/00023.webp [23/25], [https://cdn-msp3.jmapiproxy2.cc/media/photos/350235/00023.webp] → [/home/cmach_socket/projects/wol/董卓 下/00023.webp]
[2026-06-18 19:34:49.881] INFO     jmcomic 'jmcomic/jm_config.py:37' ➜ 图片下载完成: 350235/00025.webp [25/25], [https://cdn-msp3.jmapiproxy2.cc/media/photos/350235/00025.webp] → [/home/cmach_socket/projects/wol/董卓 下/00025.webp]
[2026-06-18 19:34:49.883] INFO     jmcomic 'jmcomic/jm_config.py:37' ➜ 图片下载完成: 350235/00024.webp [24/25], [https://cdn-msp3.jmapiproxy2.cc/media/photos/350235/00024.webp] → [/home/cmach_socket/projects/wol/董卓 下/00024.webp]
[2026-06-18 19:34:49.884] INFO     jmcomic 'jmcomic/jm_config.py:37' ➜ 章节下载完成: [350235] (350234[2/2])
[2026-06-18 19:34:49.884] INFO     jmcomic 'jmcomic/jm_config.py:37' ➜ 本子下载完成: [350234]
[2026-06-18 19:34:49.884] INFO     jmcomic 'jmcomic/jm_config.py:37' ➜ 调用插件: [img2pdf]
[2026-06-18 19:34:49.902] INFO     pikepdf._core 'pikepdf/__init__.py:13' ➜ pikepdf C++ to Python logger bridge initialized
[2026-06-18 19:34:53.983] INFO     jmcomic 'jmcomic/jm_config.py:37' ➜ 本子合并PDF成功！[JmAlbumDetail(album-350234: "董卓 上+下")] → [down/350234.pdf]
[2026-06-18 19:34:53.984] INFO     jmcomic 'jmcomic/jm_config.py:37' ➜ 删除原文件: /home/cmach_socket/projects/wol/董卓 上+下/00001.webp
[2026-06-18 19:34:53.984] INFO     jmcomic 'jmcomic/jm_config.py:37' ➜ 删除原文件: /home/cmach_socket/projects/wol/董卓 上+下/00002.webp
[2026-06-18 19:34:53.984] INFO     jmcomic 'jmcomic/jm_config.py:37' ➜ 删除原文件: /home/cmach_socket/projects/wol/董卓 上+下/00003.webp
[2026-06-18 19:34:53.984] INFO     jmcomic 'jmcomic/jm_config.py:37' ➜ 删除原文件: /home/cmach_socket/projects/wol/董卓 上+下/00004.webp
[2026-06-18 19:34:53.984] INFO     jmcomic 'jmcomic/jm_config.py:37' ➜ 删除原文件: /home/cmach_socket/projects/wol/董卓 上+下/00005.webp
[2026-06-18 19:34:53.984] INFO     jmcomic 'jmcomic/jm_config.py:37' ➜ 删除原文件: /home/cmach_socket/projects/wol/董卓 上+下/00006.webp
[2026-06-18 19:34:53.984] INFO     jmcomic 'jmcomic/jm_config.py:37' ➜ 删除原文件: /home/cmach_socket/projects/wol/董卓 上+下/00007.webp
[2026-06-18 19:34:53.984] INFO     jmcomic 'jmcomic/jm_config.py:37' ➜ 删除原文件: /home/cmach_socket/projects/wol/董卓 上+下/00008.webp
[2026-06-18 19:34:53.984] INFO     jmcomic 'jmcomic/jm_config.py:37' ➜ 删除原文件: /home/cmach_socket/projects/wol/董卓 上+下/00009.webp
[2026-06-18 19:34:53.984] INFO     jmcomic 'jmcomic/jm_config.py:37' ➜ 删除原文件: /home/cmach_socket/projects/wol/董卓 上+下/00010.webp
[2026-06-18 19:34:53.984] INFO     jmcomic 'jmcomic/jm_config.py:37' ➜ 删除原文件: /home/cmach_socket/projects/wol/董卓 上+下/00011.webp
[2026-06-18 19:34:53.984] INFO     jmcomic 'jmcomic/jm_config.py:37' ➜ 删除原文件: /home/cmach_socket/projects/wol/董卓 上+下/00012.webp
[2026-06-18 19:34:53.984] INFO     jmcomic 'jmcomic/jm_config.py:37' ➜ 删除原文件: /home/cmach_socket/projects/wol/董卓 上+下/00013.webp
[2026-06-18 19:34:53.985] INFO     jmcomic 'jmcomic/jm_config.py:37' ➜ 删除原文件: /home/cmach_socket/projects/wol/董卓 上+下/00014.webp
[2026-06-18 19:34:53.985] INFO     jmcomic 'jmcomic/jm_config.py:37' ➜ 删除原文件: /home/cmach_socket/projects/wol/董卓 上+下/00015.webp
[2026-06-18 19:34:53.985] INFO     jmcomic 'jmcomic/jm_config.py:37' ➜ 删除原文件: /home/cmach_socket/projects/wol/董卓 上+下/00016.webp
[2026-06-18 19:34:53.985] INFO     jmcomic 'jmcomic/jm_config.py:37' ➜ 删除原文件: /home/cmach_socket/projects/wol/董卓 上+下/00017.webp
[2026-06-18 19:34:53.985] INFO     jmcomic 'jmcomic/jm_config.py:37' ➜ 删除原文件: /home/cmach_socket/projects/wol/董卓 上+下/00018.webp
[2026-06-18 19:34:53.985] INFO     jmcomic 'jmcomic/jm_config.py:37' ➜ 删除原文件: /home/cmach_socket/projects/wol/董卓 上+下/00019.webp
[2026-06-18 19:34:53.985] INFO     jmcomic 'jmcomic/jm_config.py:37' ➜ 删除原文件: /home/cmach_socket/projects/wol/董卓 上+下/00020.webp
[2026-06-18 19:34:53.985] INFO     jmcomic 'jmcomic/jm_config.py:37' ➜ 删除原文件: /home/cmach_socket/projects/wol/董卓 上+下/00021.webp
[2026-06-18 19:34:53.985] INFO     jmcomic 'jmcomic/jm_config.py:37' ➜ 删除原文件: /home/cmach_socket/projects/wol/董卓 上+下/00022.webp
[2026-06-18 19:34:53.985] INFO     jmcomic 'jmcomic/jm_config.py:37' ➜ 删除原文件: /home/cmach_socket/projects/wol/董卓 上+下/00023.webp
[2026-06-18 19:34:53.985] INFO     jmcomic 'jmcomic/jm_config.py:37' ➜ 删除原文件: /home/cmach_socket/projects/wol/董卓 上+下/00024.webp
[2026-06-18 19:34:53.985] INFO     jmcomic 'jmcomic/jm_config.py:37' ➜ 删除原文件: /home/cmach_socket/projects/wol/董卓 上+下/00025.webp
[2026-06-18 19:34:53.985] INFO     jmcomic 'jmcomic/jm_config.py:37' ➜ 删除原文件: /home/cmach_socket/projects/wol/董卓 下/00001.webp
[2026-06-18 19:34:53.985] INFO     jmcomic 'jmcomic/jm_config.py:37' ➜ 删除原文件: /home/cmach_socket/projects/wol/董卓 下/00002.webp
[2026-06-18 19:34:53.985] INFO     jmcomic 'jmcomic/jm_config.py:37' ➜ 删除原文件: /home/cmach_socket/projects/wol/董卓 下/00003.webp
[2026-06-18 19:34:53.986] INFO     jmcomic 'jmcomic/jm_config.py:37' ➜ 删除原文件: /home/cmach_socket/projects/wol/董卓 下/00004.webp
[2026-06-18 19:34:53.986] INFO     jmcomic 'jmcomic/jm_config.py:37' ➜ 删除原文件: /home/cmach_socket/projects/wol/董卓 下/00005.webp
[2026-06-18 19:34:53.986] INFO     jmcomic 'jmcomic/jm_config.py:37' ➜ 删除原文件: /home/cmach_socket/projects/wol/董卓 下/00006.webp
[2026-06-18 19:34:53.986] INFO     jmcomic 'jmcomic/jm_config.py:37' ➜ 删除原文件: /home/cmach_socket/projects/wol/董卓 下/00007.webp
[2026-06-18 19:34:53.986] INFO     jmcomic 'jmcomic/jm_config.py:37' ➜ 删除原文件: /home/cmach_socket/projects/wol/董卓 下/00008.webp
[2026-06-18 19:34:53.986] INFO     jmcomic 'jmcomic/jm_config.py:37' ➜ 删除原文件: /home/cmach_socket/projects/wol/董卓 下/00009.webp
[2026-06-18 19:34:53.986] INFO     jmcomic 'jmcomic/jm_config.py:37' ➜ 删除原文件: /home/cmach_socket/projects/wol/董卓 下/00010.webp
[2026-06-18 19:34:53.986] INFO     jmcomic 'jmcomic/jm_config.py:37' ➜ 删除原文件: /home/cmach_socket/projects/wol/董卓 下/00011.webp
[2026-06-18 19:34:53.986] INFO     jmcomic 'jmcomic/jm_config.py:37' ➜ 删除原文件: /home/cmach_socket/projects/wol/董卓 下/00012.webp
[2026-06-18 19:34:53.986] INFO     jmcomic 'jmcomic/jm_config.py:37' ➜ 删除原文件: /home/cmach_socket/projects/wol/董卓 下/00013.webp
[2026-06-18 19:34:53.986] INFO     jmcomic 'jmcomic/jm_config.py:37' ➜ 删除原文件: /home/cmach_socket/projects/wol/董卓 下/00014.webp
[2026-06-18 19:34:53.986] INFO     jmcomic 'jmcomic/jm_config.py:37' ➜ 删除原文件: /home/cmach_socket/projects/wol/董卓 下/00015.webp
[2026-06-18 19:34:53.987] INFO     jmcomic 'jmcomic/jm_config.py:37' ➜ 删除原文件: /home/cmach_socket/projects/wol/董卓 下/00016.webp
[2026-06-18 19:34:53.987] INFO     jmcomic 'jmcomic/jm_config.py:37' ➜ 删除原文件: /home/cmach_socket/projects/wol/董卓 下/00017.webp
[2026-06-18 19:34:53.987] INFO     jmcomic 'jmcomic/jm_config.py:37' ➜ 删除原文件: /home/cmach_socket/projects/wol/董卓 下/00018.webp
[2026-06-18 19:34:53.987] INFO     jmcomic 'jmcomic/jm_config.py:37' ➜ 删除原文件: /home/cmach_socket/projects/wol/董卓 下/00019.webp
[2026-06-18 19:34:53.987] INFO     jmcomic 'jmcomic/jm_config.py:37' ➜ 删除原文件: /home/cmach_socket/projects/wol/董卓 下/00020.webp
[2026-06-18 19:34:53.987] INFO     jmcomic 'jmcomic/jm_config.py:37' ➜ 删除原文件: /home/cmach_socket/projects/wol/董卓 下/00021.webp
[2026-06-18 19:34:53.987] INFO     jmcomic 'jmcomic/jm_config.py:37' ➜ 删除原文件: /home/cmach_socket/projects/wol/董卓 下/00022.webp
[2026-06-18 19:34:53.987] INFO     jmcomic 'jmcomic/jm_config.py:37' ➜ 删除原文件: /home/cmach_socket/projects/wol/董卓 下/00023.webp
[2026-06-18 19:34:53.987] INFO     jmcomic 'jmcomic/jm_config.py:37' ➜ 删除原文件: /home/cmach_socket/projects/wol/董卓 下/00024.webp
[2026-06-18 19:34:53.987] INFO     jmcomic 'jmcomic/jm_config.py:37' ➜ 删除原文件: /home/cmach_socket/projects/wol/董卓 下/00025.webp
[2026-06-18 19:34:53.987] INFO     jmcomic 'jmcomic/jm_config.py:37' ➜ 删除文件夹: /home/cmach_socket/projects/wol/董卓 上+下/
[2026-06-18 19:34:53.988] INFO     jmcomic 'jmcomic/jm_config.py:37' ➜ 删除文件夹: /home/cmach_socket/projects/wol/董卓 下/
[2026-06-18 19:35:09.969] INFO     NapCatAdapter 'ncatbot/adapter/napcat/connection/protocol.py:79' ➜ [群消息] 未来由QT书写(1093424135) LQT(2753705854): 💩.zip
[2026-06-18 19:35:30.284] INFO     StreamUploadClient 'ncatbot/adapter/napcat/service/preupload/client.py:154' ➜ 文件上传成功: /root/.config/QQ/NapCat/temp/350234.pdf
[2026-06-18 19:35:30.290] INFO     NapCatBotAPI 'ncatbot/adapter/napcat/api/bot_api.py:63' ➜ 预上传完成: 共上传 1 个文件
[2026-06-18 19:35:40.703] INFO     NapCatAdapter 'ncatbot/adapter/napcat/connection/protocol.py:79' ➜ [通知] group_upload 群:1093424135 用户:1639950290
[2026-06-18 19:35:41.067] INFO     NapCatAdapter 'ncatbot/adapter/napcat/connection/protocol.py:79' ➜ [群消息] 未来由QT书写(1093424135) 8班小助手(1639950290): [CQ:file,file=350234.pdf,file_id=/9da70968-f26b-4f88-b556-57d7b8a71f0f,file_size=34308316,url=https:...
[2026-06-18 19:35:48.081] INFO     NapCatAdapter 'ncatbot/adapter/napcat/connection/protocol.py:79' ➜ [群消息] 未来由QT书写(1093424135) Solaris(3077906125): 来了来了
[2026-06-18 19:36:30.752] INFO     NapCatAdapter 'ncatbot/adapter/napcat/connection/protocol.py:79' ➜ [通知] group_increase.invite 群:1041064461 用户:1639950290
[2026-06-18 19:36:41.301] INFO     NapCatAdapter 'ncatbot/adapter/napcat/connection/protocol.py:79' ➜ [群消息] 蟑螂窝(1041064461) Solaris(3077906125): /jm 350234
[2026-06-18 19:37:16.077] INFO     StreamUploadClient 'ncatbot/adapter/napcat/service/preupload/client.py:154' ➜ 文件上传成功: /root/.config/QQ/NapCat/temp/350234.pdf
[2026-06-18 19:37:16.083] INFO     NapCatBotAPI 'ncatbot/adapter/napcat/api/bot_api.py:63' ➜ 预上传完成: 共上传 1 个文件
[2026-06-18 19:37:17.866] INFO     NapCatAdapter 'ncatbot/adapter/napcat/connection/protocol.py:79' ➜ [通知] group_upload 群:1041064461 用户:1639950290
[2026-06-18 19:37:18.208] INFO     NapCatAdapter 'ncatbot/adapter/napcat/connection/protocol.py:79' ➜ [群消息] 蟑螂窝(1041064461) 8班小助手(1639950290): [CQ:file,file=350234.pdf,file_id=/990ab4cb-61c6-4160-81df-b2cec316a791,file_size=34308316,url=https:...
[2026-06-18 19:37:49.799] INFO     NapCatAdapter 'ncatbot/adapter/napcat/connection/protocol.py:79' ➜ [群消息] 蟑螂窝(1041064461) Solaris(3077906125): /jmd 350234
[2026-06-18 19:37:49.800] INFO     jmcomic 'jmcomic/jm_config.py:37' ➜ https://www.cdnhjk.net/album?id=350234
[2026-06-18 19:37:50.710] INFO     NapCatAdapter 'ncatbot/adapter/napcat/connection/protocol.py:79' ➜ [群消息] 蟑螂窝(1041064461) 8班小助手(1639950290): [CQ:reply,id=1348209539][CQ:at,qq=3077906125] ID: 350234
名称: 董卓 上+下
作者: N/A、孫笑川、薑萍、東雪蓮、牢大
角色: 推薦這部作品...
[2026-06-18 19:41:15.768] INFO     NapCatAdapter 'ncatbot/adapter/napcat/connection/protocol.py:79' ➜ [通知] group_increase.invite 群:884894326 用户:1639950290
[2026-06-18 19:41:21.570] INFO     NapCatAdapter 'ncatbot/adapter/napcat/connection/protocol.py:79' ➜ [群消息] 沃扪哀道观(884894326) Solaris(3077906125): /jm 350234
[2026-06-18 19:41:57.297] INFO     StreamUploadClient 'ncatbot/adapter/napcat/service/preupload/client.py:154' ➜ 文件上传成功: /root/.config/QQ/NapCat/temp/350234.pdf
[2026-06-18 19:41:57.304] INFO     NapCatBotAPI 'ncatbot/adapter/napcat/api/bot_api.py:63' ➜ 预上传完成: 共上传 1 个文件
[2026-06-18 19:41:59.643] INFO     NapCatAdapter 'ncatbot/adapter/napcat/connection/protocol.py:79' ➜ [通知] group_upload 群:884894326 用户:1639950290
[2026-06-18 19:41:59.947] INFO     NapCatAdapter 'ncatbot/adapter/napcat/connection/protocol.py:79' ➜ [群消息] 沃扪哀道观(884894326) 8班小助手(1639950290): [CQ:file,file=350234.pdf,file_id=/8d1c6b9a-3659-4173-9678-738c67e556ea,file_size=34308316,url=https:...
[2026-06-18 19:43:00.220] INFO     NapCatAdapter 'ncatbot/adapter/napcat/connection/protocol.py:79' ➜ [群消息] 沃扪哀道观(884894326) Solaris(3077906125): /jmd 350234
[2026-06-18 19:43:00.221] INFO     jmcomic 'jmcomic/jm_config.py:37' ➜ https://www.cdnhjk.net/album?id=350234
[2026-06-18 19:43:01.595] INFO     NapCatAdapter 'ncatbot/adapter/napcat/connection/protocol.py:79' ➜ [群消息] 沃扪哀道观(884894326) 8班小助手(1639950290): [CQ:reply,id=1531665917][CQ:at,qq=3077906125] ID: 350234
名称: 董卓 上+下
作者: N/A、孫笑川、薑萍、東雪蓮、牢大
角色: 推薦這部作品...
[2026-06-18 19:43:17.031] INFO     NapCatAdapter 'ncatbot/adapter/napcat/connection/protocol.py:79' ➜ [群消息] 未来由QT书写(1093424135) Solaris(3077906125): 还有另外一个命令
[2026-06-18 19:43:21.024] INFO     NapCatAdapter 'ncatbot/adapter/napcat/connection/protocol.py:79' ➜ [群消息] 未来由QT书写(1093424135) Solaris(3077906125): /jmd 123456
[2026-06-18 19:43:21.025] INFO     jmcomic 'jmcomic/jm_config.py:37' ➜ https://www.cdnhjk.net/album?id=123456
[2026-06-18 19:43:22.992] INFO     NapCatAdapter 'ncatbot/adapter/napcat/connection/protocol.py:79' ➜ [群消息] 未来由QT书写(1093424135) 8班小助手(1639950290): [CQ:reply,id=2109893335][CQ:at,qq=3077906125] ID: 123456
名称: &#91;不咕鳥×這很惡墮漢化組&#93;&#91;sad.co (さどっこ)...
[2026-06-18 19:44:12.367] INFO     NapCatAdapter 'ncatbot/adapter/napcat/connection/protocol.py:79' ➜ [群消息] 未来由QT书写(1093424135) LQT(2753705854): 简介搬过来了
[2026-06-18 19:44:32.035] INFO     NapCatAdapter 'ncatbot/adapter/napcat/connection/protocol.py:79' ➜ [群消息] 未来由QT书写(1093424135) Solaris(3077906125): [CQ:image,summary=&#91;动画表情&#93;,file=21AC6D3861D5F4F9225E77ADA87EAD86.jpg,sub_type=1,url=https://mu...
[2026-06-18 19:45:43.634] INFO     NapCatAdapter 'ncatbot/adapter/napcat/connection/protocol.py:79' ➜ [群消息] 未来由QT书写(1093424135) Solaris(3077906125): 先关了
[2026-06-18 19:45:59.708] INFO     NapCatAdapter 'ncatbot/adapter/napcat/connection/protocol.py:79' ➜ [群消息] 未来由QT书写(1093424135) Solaris(3077906125): 现在运行在电脑上的
[2026-06-18 19:46:10.951] INFO     NapCatAdapter 'ncatbot/adapter/napcat/connection/protocol.py:79' ➜ [群消息] 未来由QT书写(1093424135) Solaris(3077906125): 等我把他部署到我的常驻手机上
[2026-06-18 19:46:12.935] INFO     BotClient 'ncatbot/app/client.py:302' ➜ Bot 被取消
[2026-06-18 19:46:12.935] INFO     BotClient 'ncatbot/app/client.py:240' ➜ 正在关闭…
[2026-06-18 19:46:12.943] INFO     NapCatWebSocket 'ncatbot/adapter/napcat/connection/websocket.py:55' ➜ WebSocket 连接已关闭
[2026-06-18 19:46:12.943] INFO     PluginLoader 'ncatbot/plugin/loader/core.py:319' ➜ 热重载已停止
[2026-06-18 19:46:12.943] INFO     cmach.qzz.io.jm.plugin 'jm.py:49' ➜ cmach.qzz.io.jm.plugin 已卸载
[2026-06-18 19:46:12.943] INFO     HandlerDispatcher 'ncatbot/core/registry/dispatcher.py:188' ➜ revoke_plugin(cmach.qzz.io.jm.plugin): 移除 3 个 handler
[2026-06-18 19:46:12.944] INFO     ModuleImporter 'ncatbot/plugin/loader/importer.py:139' ➜ 已卸载模块 cmach.qzz.io.jm.plugin (共 2 个)
[2026-06-18 19:46:12.944] INFO     PluginLoader 'ncatbot/plugin/loader/core.py:232' ➜ 插件已卸载: cmach.qzz.io.jm.plugin
[2026-06-18 19:46:12.944] INFO     SystemManager 'ncatbot/plugin/builtin/system_manager/main.py:70' ➜ 系统管理插件已关闭
[2026-06-18 19:46:12.945] INFO     HandlerDispatcher 'ncatbot/core/registry/dispatcher.py:188' ➜ revoke_plugin(_system_manager): 移除 9 个 handler
[2026-06-18 19:46:12.945] INFO     PluginLoader 'ncatbot/plugin/loader/core.py:232' ➜ 插件已卸载: _system_manager
[2026-06-18 19:46:12.945] INFO     RBAC 'ncatbot/service/builtin/rbac/service.py:91' ➜ RBAC 服务已关闭
[2026-06-18 19:46:12.945] INFO     TimeTaskService 'ncatbot/service/builtin/schedule/service.py:83' ➜ 定时任务服务已停止
[2026-06-18 19:46:12.946] INFO     DispatchFilter 'ncatbot/service/builtin/dispatch_filter/service.py:63' ➜ 分发过滤服务已关闭
[2026-06-18 19:46:12.946] INFO     BotClient 'ncatbot/app/client.py:290' ➜ 已关闭
